Field #1:
*3*****3112**2100012*21000112**3*2***11*****332101*1112*224*2
4*6*8***11*33*10112*4*22222*23*3235*422346*5***422122*223***3
**6****6322332212*23*43**4*311122*4*32*22**44****112*322*7*6*
**5*7****32**22*5323**335**31102*4*23*32*334*545432*5*23***4*
*43*4*45**33*22***44*33*4*32*102*3235*32233**3*2**23**33*4221
*4223335**321114****333*42112211111***22*4**32122212*54*22221
**21*2***4*10013**55*4*3*3212*3100234212**32101111122**323**1
3*4323353422012*433***322**22**1112*22244321102*43*125*42**41
24**11*3*2*102*32*346*3014*544323*44*5***32*103***322***35*41
*5*4223*221213*212*3**3112****34**4*******43313***32*5*5*3**3
*5*33*422012*332123*544*433344****43456***4**13*53*225*5355**
3*3*3*3*223*4*2*11*3**3***312*6*43*33**5533*422*21123**3***7*
*3333233*2**5342222234556**35**2112**43**233*2222223**4324***
34*2*22*344*3**33*211****33***432225*3134*3*5*32*3**45*2024**
**3212*4*3*4445**4*235*42113*33**3*3*201*4*3**6*4*554**201*32
**31113*33**3**4*312**431001223*4*2322012*334***33***55433210
333*113*22444*32221123**20002*312222*111212*34*424**6*****221
1*2111*323**43212*10014*41113*3222*2222*1013*313*5***35**4*3*
22222212*3*5**22*432102**22*212**3122*321113*324*6*5324*654*2
*34**202232*4*23*4**10235*421135*312*4*224*534**4**21*3****21
2****213*3223334*333312*3**102**6*34*534*****4*33*423233*4210
246*521***33*2**322*3*31223223****5***2****54*22344*3*2232222
*2***125*5**34332*323*32122*2*346*6*52224*32*212***4*22*4*5**
245*311**545*3*222*222*4*4*33211**4*311123232202*54*3344****4
1**32224*3**4*4*212*222***22*11232212*22*2*2*3344*322***545*3
1222*2*21345*23*2123*2223323232*100024*534243****3*1135*4*22*
1224331101**211122*23*2002*4*2*320001****4*3*554222223*4*2111
*4***112334321222*224*4103**222*211235*6**4*4**2222*2**322211
3**4222***2*23**3332***113*42113*22**5*4223*4344**3223433*4*2
*32112*44233*4*53**344423*32*102*33**5*211323*3**4*101**3*5*2
33212*3*222*23*3*33*3*2*3*32211344*4*4333*3*213*4312123454*21
**2*3344*2*334443334*432333*223***2323**3*421012*101*23***210
*323*3**4333****3**4**12*3*5*3**5422*23443*10012221213**42111
1213*34*4*3*54445*45*535*42**434*4*4212**433323*32*213*52001*
02*4233*423**11**32**4***325*42*3***213***3***4*4*4*12**31022
02*5*5*4*2232113*3223*5**21**4*23343*23*424*75*5*5*2235**101*
024****434*112222*2133*33235*5221*2223*5323***5***422**421011
24**6*32**321**1234*2*211*2**3*3322*13***3*5**4*6*5*23*200000
***7*31235*324333**442112223443**23434*6*54*32224**5322221100
24***201*3*3*2*2**4**101*101**2222***3*32**21001*4***11*2*100

Field #2:
111*23*32233*2**3333212**101222*22*3***2112**3*3**211110
*124*5**2***2345*****33*3223**212*4*5534*33*33*323*11*10
222**6*423*532**3456*4*433**4320235**3*4**32211212233332
*13*5**3112**44332**6*5**3*43*101**5*313*44*4322*23**3**
223*433*2235**4*3*5***6*5423*332346*31013*5****33*3**333
1*34*333*3**44**424***5**3*313**3***43212*4*6*33*543222*
123***3*34**34*54*335*5444*325*43*44***23344*423***311*3
01*5**44*324*5**3*21*3**2*23***43324*522**3**4*23***112*
123*333**413*6*5422113333222*43**4*4*43333*33*4323*42111
3*3233*5*3*34***2*2101*22*2344333**43***222224**2323*100
**22**3*233*3*5334*21233*34****113*34*634*21*4*7*4*32211
3322*33221*222*11**31*2*4*4**5321222**3*3*2236****4*33*2
2*12221*2221022214*311224*4443*22*2334433111****545**5*3
*433*3444*3222*224*31001*33**33*32*3*4**10125**6*2****5*
*4**3****4**2*45**5*31012*46*32*334*4**4202*5***223*5*4*
*3234455*32234****6**11122***4222**34*4*212**55311344232
1112**4*31113***43**532*1236*4*11233*222*2334**312***32*
112*33**313*5*421124**2111*3*422234*42013*5*33*4*45**4*3
3*3222233*3**3222334*42113343*22*****2213***212*3**555*2
**32*323*33343*2****43*11**4*32*5**55*4*32433121223***31
45*44**4*21*3*433****21225*6*323*65*5*6*422*4*3100125*41
**4**6*643213**233443212*4**4*33***3**6**2*3***111103**3
23*33*****21345*3*21*22*5*434*4*54323*4*432234422*212***
01112455*43*3**55*2224*5**44*44*4*2011213*201*2*22*124**
01112**422*23****222*5*7*7***4*24*5221103*41323112221*32
01*12***112223**322*3******7*5222***3*224*3*4*3223*21110
011114*4113*223423*4334445*6*5*2247*424**443**4**3*21221
000002*423**33*3*3*4*21*12*6*6*21***33**6**3335*42222**2
0000123**3*4*3*31324*333323***3344533**4***21*3*202*334*
11013*433324243323*32*3**13*644***3*32334*322343324*44*3
*202**4*21*3*3**3**223*4333*3**6*33*324*3223*4**2**4***2
*534*34*313*33*4*4432*22*3*434**33222***32*3**3234*44*31
****323*412*211323**322113**23*5*4*22333*22344311*4*2110
**43*13**2211112*2334*2002333*44**22*113322*4**223*31011
3433344*5*3101*3334*5*4111*12**33323344**23**44*12*2112*
2**3***23**3113*3***5*5*2222234*11*2****43*44*3333221*21
*434**5223**114*53423*6*42*23*5433233*433*33*33**4*21221
2*12**3*123322**5*3124***33*3****3*22122*22*33*33**412*1
2222333333*11*5*4**12***43*346*7*53*222*2223*22234*3*211
*23*32*3**3233*344313**5*333***4**23*4*322*3123*3*343310
23**4*3*554*3*43**103**65*4*43333323**5*22*202**54*3**21
3*5*4343***24*4*32103*****6*311*22*23*5*323313*5**34*44*
**312**34*434*4111234*56***4*2123*32324*21**23*3334*4*4*
44212322*4*3**2001***33***44*313*44*3*4333554*212*5*313*
**22*31213*33332334**34*522*33*4**5*33**4****3202**32133
5*33*5*102232*3***335*6*3123*335***444*4***64*11344*12**
**44**3212*3*5*4322*4***32*212**566***3325**3333**2113*5
**3**55*45*42**42122*6*5*2121223****43*103*54**3*31002**
*5333******214**3*324**41102*31135*4221103**4*3212111232
*4*1124*433224*43*4*5**30113**202*54*21103*5*32113*33*42
3*310022201*2**4223**4*433*34*313***22*225*523*34**4****
2*31001*211235*5*113443***3*33*12**32222***3*33***5*7**3
23*11244*101*4**3201**555333*22333211*113*433*44423***41
*2233***42112*33*1025****12*312**3122321113*32**11346*41
332**44*5*3223333222**64223*214**4*4*5*2014*423333**4*3*
**34*323***5*4**2*3*5**202*312**33*4***301**3*23**43*332
234*43*456****5332*3*5*523*323*3112335*3023323*5**4344*1
12***33***346*4*112334***22*2*22112*22*311*102*4**3***21
*34*6*33*311**52212*3*3321123212*33*322*1111011234433210
3*45**3111013**22*22*3321001*114**34*432211111012**20011
*4****200001244*323223**3211123**5*4***11*12*202*5*3102*
36**63101111*2*23*3*24*6**1001**6*35**533344*314*53*213*
*****2223*3233223*423***4421025**5*5*5**4***44*5*4*22*32
****42**5*4*2*23*4*23*54*3*434***5**3*4*4*7**4**4*21124*
344*324**4*332*4*53*223*23*****644*5534343***534*42213**
*2323*34*32*2224*4*423*421245***3*6***4**225**12*4*5*5**
3*2*212*3323*22*23*3*4**1001*4423***6*5*3102*53325***4*4
*5421023*3*33*3333243*5421133*3223445*4110012**3*4*5345*
***3223*4*34*43**3*3*5**32*3*6**11*2**410000123*24*53***
5**4**4*523***44*325**6**435***322335**10000001223***5*3
**4*335*5*446*5*422****55**5*5211*3*5*5422110001*35**422
222111***3**4*5*3*235**3***4*211224**4***2*112333*4*53*2
112233332223*4*43211*4333443211*33*45*4444211***313**44*
3*4***20001345*4*10112*22*2*3222**32**32**10135*42224**3
**5***31012***4*4310024*4354**224*4444*3332213*5**212*6*
*5*4*5*112*45*43**3322**5***6*42*3***22*11*3*5**55*322**
3*234*312*4*44*334***35**5*6**4*444542223223*4***5**2122
*421**202*33**23*33*32***42***43**4**33*3*233435*4**2000
**1122101112*312*2111124*2124*22***4**3*312**2*212221000

Field #3:
12**2012*323***4*3*100
1*4*201*4**4*64**31111
234321114*43*4*543211*
1**4*2223*3223**4**211
13**44**212*224*4**321
2444**4331212*43324*3*
***3333*3*2124**213*31
343*22*24*32*5**22*321
*223*3212*34*5*312*32*
*32*4*21112**3111334*3
23*3*4*3111221001**5*3
2*3324*4*112221113*5*3
*44*13*4223**3*11234*2
3**323*32*4*4*321*2*32
*654*212*3*222*22233*1
****42223322233*12*421
47**4*4*3*22**3212**21
****32**32*223*101222*
